android-player/app/build/intermediates/manifest_merge_blame_file/release/processReleaseMainManifest/manifest-merger-blame-release-report.txt
1<?xml version="1.0" encoding="utf-8"?>
2<manifest xmlns:android="http://schemas.android.com/apk/res/android"
3    package="com.mediaview.player"
4    android:versionCode="5"
5    android:versionName="2.3.0" >
6
7    <uses-sdk
8        android:minSdkVersion="21"
9        android:targetSdkVersion="34" />
10
11    <!-- Permissions -->
12    <uses-permission android:name="android.permission.INTERNET" />
12-->src/main/AndroidManifest.xml:6:5-67
12-->src/main/AndroidManifest.xml:6:22-64
13    <uses-permission android:name="android.permission.ACCESS_NETWORK_STATE" />
13-->src/main/AndroidManifest.xml:7:5-79
13-->src/main/AndroidManifest.xml:7:22-76
14    <uses-permission android:name="android.permission.ACCESS_WIFI_STATE" />
14-->src/main/AndroidManifest.xml:8:5-76
14-->src/main/AndroidManifest.xml:8:22-73
15    <uses-permission android:name="android.permission.RECEIVE_BOOT_COMPLETED" />
15-->src/main/AndroidManifest.xml:9:5-81
15-->src/main/AndroidManifest.xml:9:22-78
16    <uses-permission android:name="android.permission.WAKE_LOCK" />
16-->src/main/AndroidManifest.xml:10:5-68
16-->src/main/AndroidManifest.xml:10:22-65
17    <uses-permission android:name="android.permission.FOREGROUND_SERVICE" />
17-->src/main/AndroidManifest.xml:11:5-77
17-->src/main/AndroidManifest.xml:11:22-74
18    <uses-permission android:name="android.permission.SYSTEM_ALERT_WINDOW" />
18-->src/main/AndroidManifest.xml:12:5-78
18-->src/main/AndroidManifest.xml:12:22-75
19    <uses-permission android:name="android.permission.REORDER_TASKS" />
19-->src/main/AndroidManifest.xml:13:5-72
19-->src/main/AndroidManifest.xml:13:22-69
20    <uses-permission android:name="android.permission.WRITE_SETTINGS" />
20-->src/main/AndroidManifest.xml:14:5-109
20-->src/main/AndroidManifest.xml:14:22-70
21    <uses-permission android:name="android.permission.WRITE_SECURE_SETTINGS" />
21-->src/main/AndroidManifest.xml:15:5-116
21-->src/main/AndroidManifest.xml:15:22-77
22    <uses-permission android:name="android.permission.REQUEST_IGNORE_BATTERY_OPTIMIZATIONS" />
22-->src/main/AndroidManifest.xml:16:5-95
22-->src/main/AndroidManifest.xml:16:22-92
23    <uses-permission android:name="android.permission.REQUEST_INSTALL_PACKAGES" />
23-->src/main/AndroidManifest.xml:17:5-83
23-->src/main/AndroidManifest.xml:17:22-80
24
25    <!-- Declare TV feature (not required, allows non-TV too) -->
26    <uses-feature
26-->src/main/AndroidManifest.xml:20:5-87
27        android:name="android.software.leanback"
27-->src/main/AndroidManifest.xml:20:19-59
28        android:required="false" />
28-->src/main/AndroidManifest.xml:20:60-84
29    <uses-feature
29-->src/main/AndroidManifest.xml:21:5-90
30        android:name="android.hardware.touchscreen"
30-->src/main/AndroidManifest.xml:21:19-62
31        android:required="false" />
31-->src/main/AndroidManifest.xml:21:63-87
32
33    <permission
33-->[androidx.core:core:1.12.0] AndroidManifest.xml:22:5-24:47
34        android:name="com.mediaview.player.DYNAMIC_RECEIVER_NOT_EXPORTED_PERMISSION"
34-->[androidx.core:core:1.12.0] AndroidManifest.xml:23:9-81
35        android:protectionLevel="signature" />
35-->[androidx.core:core:1.12.0] AndroidManifest.xml:24:9-44
36
37    <uses-permission android:name="com.mediaview.player.DYNAMIC_RECEIVER_NOT_EXPORTED_PERMISSION" />
37-->[androidx.core:core:1.12.0] AndroidManifest.xml:26:5-97
37-->[androidx.core:core:1.12.0] AndroidManifest.xml:26:22-94
38
39    <application
39-->src/main/AndroidManifest.xml:23:5-131:19
40        android:name="com.mediaview.player.PlayerApp"
40-->src/main/AndroidManifest.xml:24:9-34
41        android:allowBackup="false"
41-->src/main/AndroidManifest.xml:25:9-36
42        android:appComponentFactory="androidx.core.app.CoreComponentFactory"
42-->[androidx.core:core:1.12.0] AndroidManifest.xml:28:18-86
43        android:banner="@drawable/ic_launcher"
43-->src/main/AndroidManifest.xml:27:9-47
44        android:extractNativeLibs="true"
45        android:hardwareAccelerated="true"
45-->src/main/AndroidManifest.xml:31:9-43
46        android:icon="@drawable/ic_launcher"
46-->src/main/AndroidManifest.xml:26:9-45
47        android:label="@string/app_name"
47-->src/main/AndroidManifest.xml:28:9-41
48        android:supportsRtl="true"
48-->src/main/AndroidManifest.xml:29:9-35
49        android:theme="@style/Theme.MediaViewPlayer" >
49-->src/main/AndroidManifest.xml:30:9-53
50
51        <!-- Main Activity - Supports landscape by default, configurable -->
52        <activity
52-->src/main/AndroidManifest.xml:35:9-64:20
53            android:name="com.mediaview.player.MainActivity"
53-->src/main/AndroidManifest.xml:36:13-41
54            android:configChanges="orientation|screenSize|keyboardHidden|navigation"
54-->src/main/AndroidManifest.xml:38:13-85
55            android:excludeFromRecents="false"
55-->src/main/AndroidManifest.xml:43:13-47
56            android:exported="true"
56-->src/main/AndroidManifest.xml:37:13-36
57            android:keepScreenOn="true"
57-->src/main/AndroidManifest.xml:40:13-40
58            android:launchMode="singleTask"
58-->src/main/AndroidManifest.xml:41:13-44
59            android:lockTaskMode="if_whitelisted"
59-->src/main/AndroidManifest.xml:42:13-50
60            android:screenOrientation="sensorLandscape" >
60-->src/main/AndroidManifest.xml:39:13-56
61
62            <!-- Standard launcher -->
63            <intent-filter>
63-->src/main/AndroidManifest.xml:46:13-49:29
64                <action android:name="android.intent.action.MAIN" />
64-->src/main/AndroidManifest.xml:47:17-69
64-->src/main/AndroidManifest.xml:47:25-66
65
66                <category android:name="android.intent.category.LAUNCHER" />
66-->src/main/AndroidManifest.xml:48:17-77
66-->src/main/AndroidManifest.xml:48:27-74
67            </intent-filter>
68
69            <!-- Android TV Leanback launcher -->
70            <intent-filter>
70-->src/main/AndroidManifest.xml:52:13-55:29
71                <action android:name="android.intent.action.MAIN" />
71-->src/main/AndroidManifest.xml:47:17-69
71-->src/main/AndroidManifest.xml:47:25-66
72
73                <category android:name="android.intent.category.LEANBACK_LAUNCHER" />
73-->src/main/AndroidManifest.xml:54:17-86
73-->src/main/AndroidManifest.xml:54:27-83
74            </intent-filter>
75
76            <!--
77                 HOME LAUNCHER: Critical for auto-start when set as default home.
78                 Colorlight A40 firmware will set this app as default launcher.
79            -->
80            <intent-filter>
80-->src/main/AndroidManifest.xml:59:13-63:29
81                <action android:name="android.intent.action.MAIN" />
81-->src/main/AndroidManifest.xml:47:17-69
81-->src/main/AndroidManifest.xml:47:25-66
82
83                <category android:name="android.intent.category.HOME" />
83-->src/main/AndroidManifest.xml:61:17-73
83-->src/main/AndroidManifest.xml:61:27-70
84                <category android:name="android.intent.category.DEFAULT" />
84-->src/main/AndroidManifest.xml:62:17-76
84-->src/main/AndroidManifest.xml:62:27-73
85            </intent-filter>
86        </activity>
87
88        <!-- Boot Receiver 1: Main boot receiver with high priority -->
89        <receiver
89-->src/main/AndroidManifest.xml:67:9-79:20
90            android:name="com.mediaview.player.BootReceiver"
90-->src/main/AndroidManifest.xml:68:13-41
91            android:directBootAware="true"
91-->src/main/AndroidManifest.xml:71:13-43
92            android:enabled="true"
92-->src/main/AndroidManifest.xml:69:13-35
93            android:exported="true" >
93-->src/main/AndroidManifest.xml:70:13-36
94            <intent-filter android:priority="1000" >
94-->src/main/AndroidManifest.xml:72:13-78:29
94-->src/main/AndroidManifest.xml:72:28-51
95                <action android:name="android.intent.action.BOOT_COMPLETED" />
95-->src/main/AndroidManifest.xml:73:17-79
95-->src/main/AndroidManifest.xml:73:25-76
96                <action android:name="android.intent.action.QUICKBOOT_POWERON" />
96-->src/main/AndroidManifest.xml:74:17-82
96-->src/main/AndroidManifest.xml:74:25-79
97                <action android:name="android.intent.action.REBOOT" />
97-->src/main/AndroidManifest.xml:75:17-71
97-->src/main/AndroidManifest.xml:75:25-68
98                <action android:name="android.intent.action.MY_PACKAGE_REPLACED" />
98-->src/main/AndroidManifest.xml:76:17-84
98-->src/main/AndroidManifest.xml:76:25-81
99                <action android:name="android.intent.action.LOCKED_BOOT_COMPLETED" />
99-->src/main/AndroidManifest.xml:77:17-86
99-->src/main/AndroidManifest.xml:77:25-83
100            </intent-filter>
101        </receiver>
102
103        <!-- Boot Receiver 2: Network + boot (additional trigger points) -->
104        <receiver
104-->src/main/AndroidManifest.xml:82:9-95:20
105            android:name="com.mediaview.player.NetworkBootReceiver"
105-->src/main/AndroidManifest.xml:83:13-48
106            android:directBootAware="true"
106-->src/main/AndroidManifest.xml:86:13-43
107            android:enabled="true"
107-->src/main/AndroidManifest.xml:84:13-35
108            android:exported="true" >
108-->src/main/AndroidManifest.xml:85:13-36
109            <intent-filter>
109-->src/main/AndroidManifest.xml:87:13-94:29
110                <action android:name="android.net.conn.CONNECTIVITY_CHANGE" />
110-->src/main/AndroidManifest.xml:88:17-79
110-->src/main/AndroidManifest.xml:88:25-76
111                <action android:name="android.intent.action.BOOT_COMPLETED" />
111-->src/main/AndroidManifest.xml:73:17-79
111-->src/main/AndroidManifest.xml:73:25-76
112                <action android:name="android.intent.action.TIME_SET" />
112-->src/main/AndroidManifest.xml:90:17-73
112-->src/main/AndroidManifest.xml:90:25-70
113                <action android:name="android.intent.action.TIMEZONE_CHANGED" />
113-->src/main/AndroidManifest.xml:91:17-81
113-->src/main/AndroidManifest.xml:91:25-78
114                <action android:name="android.intent.action.USER_PRESENT" />
114-->src/main/AndroidManifest.xml:92:17-77
114-->src/main/AndroidManifest.xml:92:25-74
115
116                <category android:name="android.intent.category.DEFAULT" />
116-->src/main/AndroidManifest.xml:62:17-76
116-->src/main/AndroidManifest.xml:62:27-73
117            </intent-filter>
118        </receiver>
119
120        <!-- Overlay Service for persistent operation -->
121        <service
121-->src/main/AndroidManifest.xml:98:9-101:40
122            android:name="com.mediaview.player.OverlayService"
122-->src/main/AndroidManifest.xml:99:13-43
123            android:enabled="true"
123-->src/main/AndroidManifest.xml:100:13-35
124            android:exported="false" />
124-->src/main/AndroidManifest.xml:101:13-37
125
126        <!-- PAIRING ACTIVITY (native OptiSigns-style, shown on first boot) -->
127        <activity
127-->src/main/AndroidManifest.xml:105:9-111:66
128            android:name="com.mediaview.player.PairingActivity"
128-->src/main/AndroidManifest.xml:106:13-44
129            android:configChanges="orientation|screenSize|keyboardHidden"
129-->src/main/AndroidManifest.xml:109:13-74
130            android:exported="false"
130-->src/main/AndroidManifest.xml:107:13-37
131            android:launchMode="singleTask"
131-->src/main/AndroidManifest.xml:110:13-44
132            android:screenOrientation="landscape"
132-->src/main/AndroidManifest.xml:108:13-50
133            android:theme="@style/Theme.AppCompat.NoActionBar" />
133-->src/main/AndroidManifest.xml:111:13-63
134
135        <!-- SETUP ACTIVITY (Manual pairing fallback — accessible via hidden menu) -->
136        <activity
136-->src/main/AndroidManifest.xml:114:9-118:66
137            android:name="com.mediaview.player.SetupActivity"
137-->src/main/AndroidManifest.xml:115:13-42
138            android:exported="false"
138-->src/main/AndroidManifest.xml:116:13-37
139            android:screenOrientation="landscape"
139-->src/main/AndroidManifest.xml:117:13-50
140            android:theme="@style/Theme.AppCompat.NoActionBar" />
140-->src/main/AndroidManifest.xml:118:13-63
141
142        <!-- FileProvider for APK auto-update install -->
143        <provider
144            android:name="androidx.core.content.FileProvider"
144-->src/main/AndroidManifest.xml:122:13-62
145            android:authorities="com.mediaview.player.fileprovider"
145-->src/main/AndroidManifest.xml:123:13-64
146            android:exported="false"
146-->src/main/AndroidManifest.xml:124:13-37
147            android:grantUriPermissions="true" >
147-->src/main/AndroidManifest.xml:125:13-47
148            <meta-data
148-->src/main/AndroidManifest.xml:126:13-128:63
149                android:name="android.support.FILE_PROVIDER_PATHS"
149-->src/main/AndroidManifest.xml:127:17-67
150                android:resource="@xml/file_provider_paths" />
150-->src/main/AndroidManifest.xml:128:17-60
151        </provider>
152        <provider
152-->[androidx.emoji2:emoji2:1.2.0] AndroidManifest.xml:24:9-32:20
153            android:name="androidx.startup.InitializationProvider"
153-->[androidx.emoji2:emoji2:1.2.0] AndroidManifest.xml:25:13-67
154            android:authorities="com.mediaview.player.androidx-startup"
154-->[androidx.emoji2:emoji2:1.2.0] AndroidManifest.xml:26:13-68
155            android:exported="false" >
155-->[androidx.emoji2:emoji2:1.2.0] AndroidManifest.xml:27:13-37
156            <meta-data
156-->[androidx.emoji2:emoji2:1.2.0] AndroidManifest.xml:29:13-31:52
157                android:name="androidx.emoji2.text.EmojiCompatInitializer"
157-->[androidx.emoji2:emoji2:1.2.0] AndroidManifest.xml:30:17-75
158                android:value="androidx.startup" />
158-->[androidx.emoji2:emoji2:1.2.0] AndroidManifest.xml:31:17-49
159            <meta-data
159-->[androidx.work:work-runtime:2.9.0] AndroidManifest.xml:34:13-36:52
160                android:name="androidx.work.WorkManagerInitializer"
160-->[androidx.work:work-runtime:2.9.0] AndroidManifest.xml:35:17-68
161                android:value="androidx.startup" />
161-->[androidx.work:work-runtime:2.9.0] AndroidManifest.xml:36:17-49
162            <meta-data
162-->[androidx.lifecycle:lifecycle-process:2.4.1] AndroidManifest.xml:31:13-33:52
163                android:name="androidx.lifecycle.ProcessLifecycleInitializer"
163-->[androidx.lifecycle:lifecycle-process:2.4.1] AndroidManifest.xml:32:17-78
164                android:value="androidx.startup" />
164-->[androidx.lifecycle:lifecycle-process:2.4.1] AndroidManifest.xml:33:17-49
165        </provider>
166
167        <service
167-->[androidx.work:work-runtime:2.9.0] AndroidManifest.xml:39:9-45:35
168            android:name="androidx.work.impl.background.systemalarm.SystemAlarmService"
168-->[androidx.work:work-runtime:2.9.0] AndroidManifest.xml:40:13-88
169            android:directBootAware="false"
169-->[androidx.work:work-runtime:2.9.0] AndroidManifest.xml:41:13-44
170            android:enabled="@bool/enable_system_alarm_service_default"
170-->[androidx.work:work-runtime:2.9.0] AndroidManifest.xml:42:13-72
171            android:exported="false" />
171-->[androidx.work:work-runtime:2.9.0] AndroidManifest.xml:43:13-37
172        <service
172-->[androidx.work:work-runtime:2.9.0] AndroidManifest.xml:46:9-52:35
173            android:name="androidx.work.impl.background.systemjob.SystemJobService"
173-->[androidx.work:work-runtime:2.9.0] AndroidManifest.xml:47:13-84
174            android:directBootAware="false"
174-->[androidx.work:work-runtime:2.9.0] AndroidManifest.xml:48:13-44
175            android:enabled="@bool/enable_system_job_service_default"
175-->[androidx.work:work-runtime:2.9.0] AndroidManifest.xml:49:13-70
176            android:exported="true"
176-->[androidx.work:work-runtime:2.9.0] AndroidManifest.xml:50:13-36
177            android:permission="android.permission.BIND_JOB_SERVICE" />
177-->[androidx.work:work-runtime:2.9.0] AndroidManifest.xml:51:13-69
178        <service
178-->[androidx.work:work-runtime:2.9.0] AndroidManifest.xml:53:9-59:35
179            android:name="androidx.work.impl.foreground.SystemForegroundService"
179-->[androidx.work:work-runtime:2.9.0] AndroidManifest.xml:54:13-81
180            android:directBootAware="false"
180-->[androidx.work:work-runtime:2.9.0] AndroidManifest.xml:55:13-44
181            android:enabled="@bool/enable_system_foreground_service_default"
181-->[androidx.work:work-runtime:2.9.0] AndroidManifest.xml:56:13-77
182            android:exported="false" />
182-->[androidx.work:work-runtime:2.9.0] AndroidManifest.xml:57:13-37
183
184        <receiver
184-->[androidx.work:work-runtime:2.9.0] AndroidManifest.xml:61:9-66:35
185            android:name="androidx.work.impl.utils.ForceStopRunnable$BroadcastReceiver"
185-->[androidx.work:work-runtime:2.9.0] AndroidManifest.xml:62:13-88
186            android:directBootAware="false"
186-->[androidx.work:work-runtime:2.9.0] AndroidManifest.xml:63:13-44
187            android:enabled="true"
187-->[androidx.work:work-runtime:2.9.0] AndroidManifest.xml:64:13-35
188            android:exported="false" />
188-->[androidx.work:work-runtime:2.9.0] AndroidManifest.xml:65:13-37
189        <receiver
189-->[androidx.work:work-runtime:2.9.0] AndroidManifest.xml:67:9-77:20
190            android:name="androidx.work.impl.background.systemalarm.ConstraintProxy$BatteryChargingProxy"
190-->[androidx.work:work-runtime:2.9.0] AndroidManifest.xml:68:13-106
191            android:directBootAware="false"
191-->[androidx.work:work-runtime:2.9.0] AndroidManifest.xml:69:13-44
192            android:enabled="false"
192-->[androidx.work:work-runtime:2.9.0] AndroidManifest.xml:70:13-36
193            android:exported="false" >
193-->[androidx.work:work-runtime:2.9.0] AndroidManifest.xml:71:13-37
194            <intent-filter>
194-->[androidx.work:work-runtime:2.9.0] AndroidManifest.xml:73:13-76:29
195                <action android:name="android.intent.action.ACTION_POWER_CONNECTED" />
195-->[androidx.work:work-runtime:2.9.0] AndroidManifest.xml:74:17-87
195-->[androidx.work:work-runtime:2.9.0] AndroidManifest.xml:74:25-84
196                <action android:name="android.intent.action.ACTION_POWER_DISCONNECTED" />
196-->[androidx.work:work-runtime:2.9.0] AndroidManifest.xml:75:17-90
196-->[androidx.work:work-runtime:2.9.0] AndroidManifest.xml:75:25-87
197            </intent-filter>
198        </receiver>
199        <receiver
199-->[androidx.work:work-runtime:2.9.0] AndroidManifest.xml:78:9-88:20
200            android:name="androidx.work.impl.background.systemalarm.ConstraintProxy$BatteryNotLowProxy"
200-->[androidx.work:work-runtime:2.9.0] AndroidManifest.xml:79:13-104
201            android:directBootAware="false"
201-->[androidx.work:work-runtime:2.9.0] AndroidManifest.xml:80:13-44
202            android:enabled="false"
202-->[androidx.work:work-runtime:2.9.0] AndroidManifest.xml:81:13-36
203            android:exported="false" >
203-->[androidx.work:work-runtime:2.9.0] AndroidManifest.xml:82:13-37
204            <intent-filter>
204-->[androidx.work:work-runtime:2.9.0] AndroidManifest.xml:84:13-87:29
205                <action android:name="android.intent.action.BATTERY_OKAY" />
205-->[androidx.work:work-runtime:2.9.0] AndroidManifest.xml:85:17-77
205-->[androidx.work:work-runtime:2.9.0] AndroidManifest.xml:85:25-74
206                <action android:name="android.intent.action.BATTERY_LOW" />
206-->[androidx.work:work-runtime:2.9.0] AndroidManifest.xml:86:17-76
206-->[androidx.work:work-runtime:2.9.0] AndroidManifest.xml:86:25-73
207            </intent-filter>
208        </receiver>
209        <receiver
209-->[androidx.work:work-runtime:2.9.0] AndroidManifest.xml:89:9-99:20
210            android:name="androidx.work.impl.background.systemalarm.ConstraintProxy$StorageNotLowProxy"
210-->[androidx.work:work-runtime:2.9.0] AndroidManifest.xml:90:13-104
211            android:directBootAware="false"
211-->[androidx.work:work-runtime:2.9.0] AndroidManifest.xml:91:13-44
212            android:enabled="false"
212-->[androidx.work:work-runtime:2.9.0] AndroidManifest.xml:92:13-36
213            android:exported="false" >
213-->[androidx.work:work-runtime:2.9.0] AndroidManifest.xml:93:13-37
214            <intent-filter>
214-->[androidx.work:work-runtime:2.9.0] AndroidManifest.xml:95:13-98:29
215                <action android:name="android.intent.action.DEVICE_STORAGE_LOW" />
215-->[androidx.work:work-runtime:2.9.0] AndroidManifest.xml:96:17-83
215-->[androidx.work:work-runtime:2.9.0] AndroidManifest.xml:96:25-80
216                <action android:name="android.intent.action.DEVICE_STORAGE_OK" />
216-->[androidx.work:work-runtime:2.9.0] AndroidManifest.xml:97:17-82
216-->[androidx.work:work-runtime:2.9.0] AndroidManifest.xml:97:25-79
217            </intent-filter>
218        </receiver>
219        <receiver
219-->[androidx.work:work-runtime:2.9.0] AndroidManifest.xml:100:9-109:20
220            android:name="androidx.work.impl.background.systemalarm.ConstraintProxy$NetworkStateProxy"
220-->[androidx.work:work-runtime:2.9.0] AndroidManifest.xml:101:13-103
221            android:directBootAware="false"
221-->[androidx.work:work-runtime:2.9.0] AndroidManifest.xml:102:13-44
222            android:enabled="false"
222-->[androidx.work:work-runtime:2.9.0] AndroidManifest.xml:103:13-36
223            android:exported="false" >
223-->[androidx.work:work-runtime:2.9.0] AndroidManifest.xml:104:13-37
224            <intent-filter>
224-->[androidx.work:work-runtime:2.9.0] AndroidManifest.xml:106:13-108:29
225                <action android:name="android.net.conn.CONNECTIVITY_CHANGE" />
225-->src/main/AndroidManifest.xml:88:17-79
225-->src/main/AndroidManifest.xml:88:25-76
226            </intent-filter>
227        </receiver>
228        <receiver
228-->[androidx.work:work-runtime:2.9.0] AndroidManifest.xml:110:9-121:20
229            android:name="androidx.work.impl.background.systemalarm.RescheduleReceiver"
229-->[androidx.work:work-runtime:2.9.0] AndroidManifest.xml:111:13-88
230            android:directBootAware="false"
230-->[androidx.work:work-runtime:2.9.0] AndroidManifest.xml:112:13-44
231            android:enabled="false"
231-->[androidx.work:work-runtime:2.9.0] AndroidManifest.xml:113:13-36
232            android:exported="false" >
232-->[androidx.work:work-runtime:2.9.0] AndroidManifest.xml:114:13-37
233            <intent-filter>
233-->[androidx.work:work-runtime:2.9.0] AndroidManifest.xml:116:13-120:29
234                <action android:name="android.intent.action.BOOT_COMPLETED" />
234-->src/main/AndroidManifest.xml:73:17-79
234-->src/main/AndroidManifest.xml:73:25-76
235                <action android:name="android.intent.action.TIME_SET" />
235-->src/main/AndroidManifest.xml:90:17-73
235-->src/main/AndroidManifest.xml:90:25-70
236                <action android:name="android.intent.action.TIMEZONE_CHANGED" />
236-->src/main/AndroidManifest.xml:91:17-81
236-->src/main/AndroidManifest.xml:91:25-78
237            </intent-filter>
238        </receiver>
239        <receiver
239-->[androidx.work:work-runtime:2.9.0] AndroidManifest.xml:122:9-131:20
240            android:name="androidx.work.impl.background.systemalarm.ConstraintProxyUpdateReceiver"
240-->[androidx.work:work-runtime:2.9.0] AndroidManifest.xml:123:13-99
241            android:directBootAware="false"
241-->[androidx.work:work-runtime:2.9.0] AndroidManifest.xml:124:13-44
242            android:enabled="@bool/enable_system_alarm_service_default"
242-->[androidx.work:work-runtime:2.9.0] AndroidManifest.xml:125:13-72
243            android:exported="false" >
243-->[androidx.work:work-runtime:2.9.0] AndroidManifest.xml:126:13-37
244            <intent-filter>
244-->[androidx.work:work-runtime:2.9.0] AndroidManifest.xml:128:13-130:29
245                <action android:name="androidx.work.impl.background.systemalarm.UpdateProxies" />
245-->[androidx.work:work-runtime:2.9.0] AndroidManifest.xml:129:17-98
245-->[androidx.work:work-runtime:2.9.0] AndroidManifest.xml:129:25-95
246            </intent-filter>
247        </receiver>
248        <receiver
248-->[androidx.work:work-runtime:2.9.0] AndroidManifest.xml:132:9-142:20
249            android:name="androidx.work.impl.diagnostics.DiagnosticsReceiver"
249-->[androidx.work:work-runtime:2.9.0] AndroidManifest.xml:133:13-78
250            android:directBootAware="false"
250-->[androidx.work:work-runtime:2.9.0] AndroidManifest.xml:134:13-44
251            android:enabled="true"
251-->[androidx.work:work-runtime:2.9.0] AndroidManifest.xml:135:13-35
252            android:exported="true"
252-->[androidx.work:work-runtime:2.9.0] AndroidManifest.xml:136:13-36
253            android:permission="android.permission.DUMP" >
253-->[androidx.work:work-runtime:2.9.0] AndroidManifest.xml:137:13-57
254            <intent-filter>
254-->[androidx.work:work-runtime:2.9.0] AndroidManifest.xml:139:13-141:29
255                <action android:name="androidx.work.diagnostics.REQUEST_DIAGNOSTICS" />
255-->[androidx.work:work-runtime:2.9.0] AndroidManifest.xml:140:17-88
255-->[androidx.work:work-runtime:2.9.0] AndroidManifest.xml:140:25-85
256            </intent-filter>
257        </receiver>
258
259        <service
259-->[androidx.room:room-runtime:2.5.0] AndroidManifest.xml:24:9-28:63
260            android:name="androidx.room.MultiInstanceInvalidationService"
260-->[androidx.room:room-runtime:2.5.0] AndroidManifest.xml:25:13-74
261            android:directBootAware="true"
261-->[androidx.room:room-runtime:2.5.0] AndroidManifest.xml:26:13-43
262            android:exported="false" />
262-->[androidx.room:room-runtime:2.5.0] AndroidManifest.xml:27:13-37
263    </application>
264
265</manifest>